<?xml version="1.0" encoding="UTF-8"?>
<!-- Generated by org.testng.reporters.JUnitXMLReporter -->
<testsuite ignored="0" hostname="LAPTOP-6845P3O5" failures="0" tests="3" name="Default test" time="57.404" errors="0" timestamp="2021-03-23T19:45:54 IST">
  <testcase classname="com.zigwheels.UsedCars.UsedCarsTest" name="extractUsedCarsModel1" time="15.405"/>
  <testcase classname="com.zigwheels.UsedCars.UsedCarsTest" name="extractUsedCarsModel2" time="12.602"/>
  <testcase classname="com.zigwheels.UsedCars.UsedCarsTest" name="extractUsedCarsModel3" time="28.58"/>
</testsuite> <!-- Default test -->
