<?xml version="1.0" encoding="UTF-8"?>
<!-- Generated by org.testng.reporters.JUnitXMLReporter -->
<testsuite ignored="0" hostname="LAPTOP-6845P3O5" failures="0" tests="7" name="Login Page Test" time="220.688" errors="0" timestamp="2021-03-23T20:15:03 IST">
  <testcase classname="com.zigwheels.testlogin.LoginTest" name="testOne" time="24.531"/>
  <testcase classname="com.zigwheels.testlogin.LoginTest" name="testTwo" time="16.973"/>
  <testcase classname="com.zigwheels.testlogin.LoginTest" name="testThree" time="59.202"/>
  <testcase classname="com.zigwheels.testlogin.LoginTest" name="testFour" time="41.058"/>
  <testcase classname="com.zigwheels.testlogin.LoginTest" name="testFive" time="30.195"/>
  <testcase classname="com.zigwheels.testlogin.LoginTest" name="testSix" time="24.65"/>
  <testcase classname="com.zigwheels.testlogin.LoginTest" name="testSeven" time="23.958"/>
</testsuite> <!-- Login Page Test -->
