<?xml version="1.0" encoding="UTF-8"?>
<!-- Generated by org.testng.reporters.JUnitXMLReporter -->
<testsuite ignored="1" hostname="LAPTOP-6845P3O5" failures="0" tests="7" name="Upcoming Bikes Test" time="218.04" errors="0" timestamp="2021-03-23T20:18:41 IST">
  <testcase classname="com.zigwheels.testupcomingbikes.NewBikesTest" name="Test1" time="22.831"/>
  <testcase classname="com.zigwheels.testupcomingbikes.NewBikesTest" name="Test2" time="27.626"/>
  <testcase classname="com.zigwheels.testupcomingbikes.NewBikesTest" name="Test3" time="24.77"/>
  <testcase classname="com.zigwheels.testupcomingbikes.UpcomingBikesTest" name="Test1" time="49.687"/>
  <testcase classname="com.zigwheels.testupcomingbikes.UpcomingBikesTest" name="Test2" time="31.754"/>
  <testcase classname="com.zigwheels.testupcomingbikes.UpcomingBikesTest" name="Test3" time="27.441"/>
  <testcase classname="com.zigwheels.testupcomingbikes.UpcomingBikesTest" name="Test4" time="33.901"/>
  <testcase classname="com.newbikes.base.baseUI" name="@AfterSuite endReport" time="0.0">
    <ignored/>
  </testcase> <!-- @AfterSuite endReport -->
</testsuite> <!-- Upcoming Bikes Test -->
