<?xml version="1.0" encoding="UTF-8"?>
<!-- Generated by org.testng.reporters.JUnitXMLReporter -->
<testsuite ignored="0" hostname="LAPTOP-6845P3O5" failures="0" tests="3" name="Used Cars Test" time="56.974" errors="0" timestamp="2021-03-23T20:19:38 IST">
  <testcase classname="com.zigwheels.UsedCars.UsedCarsTest" name="extractUsedCarsModel1" time="13.758"/>
  <testcase classname="com.zigwheels.UsedCars.UsedCarsTest" name="extractUsedCarsModel2" time="15.166"/>
  <testcase classname="com.zigwheels.UsedCars.UsedCarsTest" name="extractUsedCarsModel3" time="28.04"/>
</testsuite> <!-- Used Cars Test -->
